Using pre-set license
Built from '2021.3/staging' branch; Version is '2021.3.2f1 (d6360bedb9a0) revision 14038539'; Using compiler version '192829333'; Build Type 'Release'
OS: 'Windows 10  (10.0.19044) 64bit Professional' Language: 'en' Physical Memory: 16309 MB
BatchMode: 1, IsHumanControllingUs: 0, StartBugReporterOnCrash: 0, Is64bit: 1, IsPro: 1

COMMAND LINE ARGUMENTS:
C:\Program Files\Unity\Hub\Editor\2021.3.2f1\Editor\Unity.exe
-adb2
-batchMode
-noUpm
-name
AssetImportWorker2
-projectPath
C:/Users/chido/Documents/GitHub/Game-Works/DragonCourier/Prototype/Survive
-logFile
Logs/AssetImportWorker2.log
-srvPort
60926
Successfully changed project path to: C:/Users/chido/Documents/GitHub/Game-Works/DragonCourier/Prototype/Survive
C:/Users/chido/Documents/GitHub/Game-Works/DragonCourier/Prototype/Survive
[UnityMemory] Configuration Parameters - Can be set up in boot.config
    "memorysetup-bucket-allocator-granularity=16"
    "memorysetup-bucket-allocator-bucket-count=8"
    "memorysetup-bucket-allocator-block-size=33554432"
    "memorysetup-bucket-allocator-block-count=8"
    "memorysetup-main-allocator-block-size=16777216"
    "memorysetup-thread-allocator-block-size=16777216"
    "memorysetup-gfx-main-allocator-block-size=16777216"
    "memorysetup-gfx-thread-allocator-block-size=16777216"
    "memorysetup-cache-allocator-block-size=4194304"
    "memorysetup-typetree-allocator-block-size=2097152"
    "memorysetup-profiler-bucket-allocator-granularity=16"
    "memorysetup-profiler-bucket-allocator-bucket-count=8"
    "memorysetup-profiler-bucket-allocator-block-size=33554432"
    "memorysetup-profiler-bucket-allocator-block-count=8"
    "memorysetup-profiler-allocator-block-size=16777216"
    "memorysetup-profiler-editor-allocator-block-size=1048576"
    "memorysetup-temp-allocator-size-main=16777216"
    "memorysetup-job-temp-allocator-block-size=2097152"
    "memorysetup-job-temp-allocator-block-size-background=1048576"
    "memorysetup-job-temp-allocator-reduction-small-platforms=262144"
    "memorysetup-temp-allocator-size-background-worker=32768"
    "memorysetup-temp-allocator-size-job-worker=262144"
    "memorysetup-temp-allocator-size-preload-manager=33554432"
    "memorysetup-temp-allocator-size-nav-mesh-worker=65536"
    "memorysetup-temp-allocator-size-audio-worker=65536"
    "memorysetup-temp-allocator-size-cloud-worker=32768"
    "memorysetup-temp-allocator-size-gi-baking-worker=262144"
    "memorysetup-temp-allocator-size-gfx=262144"
Refreshing native plugins compatible for Editor in 74.98 ms, found 4 plugins.
Preloading 0 native plugins for Editor in 0.00 ms.
Initialize engine version: 2021.3.2f1 (d6360bedb9a0)
[Subsystems] Discovering subsystems at path C:/Program Files/Unity/Hub/Editor/2021.3.2f1/Editor/Data/Resources/UnitySubsystems
[Subsystems] Discovering subsystems at path C:/Users/chido/Documents/GitHub/Game-Works/DragonCourier/Prototype/Survive/Assets
GfxDevice: creating device client; threaded=0; jobified=0
Direct3D:
    Version:  Direct3D 11.0 [level 11.1]
    Renderer: AMD Radeon RX 6800 XT (ID=0x73bf)
    Vendor:   ATI
    VRAM:     16338 MB
    Driver:   30.0.15002.1004
Initialize mono
Mono path[0] = 'C:/Program Files/Unity/Hub/Editor/2021.3.2f1/Editor/Data/Managed'
Mono path[1] = 'C:/Program Files/Unity/Hub/Editor/2021.3.2f1/Editor/Data/MonoBleedingEdge/lib/mono/unityjit-win32'
Mono config path = 'C:/Program Files/Unity/Hub/Editor/2021.3.2f1/Editor/Data/MonoBleedingEdge/etc'
Using monoOptions --debugger-agent=transport=dt_socket,embedding=1,server=y,suspend=n,address=127.0.0.1:56984
Begin MonoManager ReloadAssembly
Registering precompiled unity dll's ...
Register platform support module: C:/Program Files/Unity/Hub/Editor/2021.3.2f1/Editor/Data/PlaybackEngines/WebGLSupport/UnityEditor.WebGL.Extensions.dll
Register platform support module: C:/Program Files/Unity/Hub/Editor/2021.3.2f1/Editor/Data/PlaybackEngines/WindowsStandaloneSupport/UnityEditor.WindowsStandalone.Extensions.dll
Registered in 0.006003 seconds.
Native extension for WindowsStandalone target not found
Native extension for WebGL target not found
Refreshing native plugins compatible for Editor in 71.28 ms, found 4 plugins.
Preloading 0 native plugins for Editor in 0.00 ms.
Mono: successfully reloaded assembly
- Completed reload, in  0.492 seconds
Domain Reload Profiling:
	ReloadAssembly (492ms)
		BeginReloadAssembly (52ms)
			ExecutionOrderSort (0ms)
			DisableScriptedObjects (0ms)
			BackupInstance (0ms)
			ReleaseScriptingObjects (0ms)
			CreateAndSetChildDomain (1ms)
		EndReloadAssembly (359ms)
			LoadAssemblies (50ms)
			RebuildTransferFunctionScriptingTraits (0ms)
			SetupTypeCache (71ms)
			ReleaseScriptCaches (0ms)
			RebuildScriptCaches (24ms)
			SetupLoadedEditorAssemblies (223ms)
				LogAssemblyErrors (0ms)
				InitializePlatformSupportModulesInManaged (8ms)
				SetLoadedEditorAssemblies (0ms)
				RefreshPlugins (71ms)
				BeforeProcessingInitializeOnLoad (1ms)
				ProcessInitializeOnLoadAttributes (107ms)
				ProcessInitializeOnLoadMethodAttributes (35ms)
				AfterProcessingInitializeOnLoad (0ms)
				EditorAssembliesLoaded (0ms)
			ExecutionOrderSort2 (0ms)
			AwakeInstancesAfterBackupRestoration (0ms)
Platform modules already initialized, skipping
Registering precompiled user dll's ...
Registered in 0.006836 seconds.
Begin MonoManager ReloadAssembly
Symbol file LoadedFromMemory doesn't match image C:\Users\chido\Documents\GitHub\Game-Works\DragonCourier\Prototype\Survive\Library\PackageCache\com.unity.visualscripting@1.7.6\Editor\VisualScripting.Core\Dependencies\YamlDotNet\Unity.VisualScripting.YamlDotNet.dll
Symbol file LoadedFromMemory doesn't match image C:\Users\chido\Documents\GitHub\Game-Works\DragonCourier\Prototype\Survive\Library\PackageCache\com.unity.visualscripting@1.7.6\Editor\VisualScripting.Core\Dependencies\DotNetZip\Unity.VisualScripting.IonicZip.dll
Native extension for WindowsStandalone target not found
Native extension for WebGL target not found
Refreshing native plugins compatible for Editor in 70.99 ms, found 4 plugins.
Preloading 0 native plugins for Editor in 0.00 ms.
Mono: successfully reloaded assembly
- Completed reload, in  0.874 seconds
Domain Reload Profiling:
	ReloadAssembly (875ms)
		BeginReloadAssembly (88ms)
			ExecutionOrderSort (0ms)
			DisableScriptedObjects (5ms)
			BackupInstance (0ms)
			ReleaseScriptingObjects (0ms)
			CreateAndSetChildDomain (17ms)
		EndReloadAssembly (700ms)
			LoadAssemblies (68ms)
			RebuildTransferFunctionScriptingTraits (0ms)
			SetupTypeCache (169ms)
			ReleaseScriptCaches (1ms)
			RebuildScriptCaches (42ms)
			SetupLoadedEditorAssemblies (385ms)
				LogAssemblyErrors (0ms)
				InitializePlatformSupportModulesInManaged (5ms)
				SetLoadedEditorAssemblies (0ms)
				RefreshPlugins (71ms)
				BeforeProcessingInitializeOnLoad (82ms)
				ProcessInitializeOnLoadAttributes (185ms)
				ProcessInitializeOnLoadMethodAttributes (35ms)
				AfterProcessingInitializeOnLoad (7ms)
				EditorAssembliesLoaded (0ms)
			ExecutionOrderSort2 (0ms)
			AwakeInstancesAfterBackupRestoration (5ms)
Platform modules already initialized, skipping
========================================================================
Worker process is ready to serve import requests
Launched and connected shader compiler UnityShaderCompiler.exe after 0.05 seconds
Refreshing native plugins compatible for Editor in 0.76 ms, found 4 plugins.
Preloading 0 native plugins for Editor in 0.00 ms.
Unloading 4048 Unused Serialized files (Serialized files now loaded: 0)
Unloading 43 unused Assets / (225.3 KB). Loaded Objects now: 4499.
Memory consumption went from 151.9 MB to 151.7 MB.
Total: 3.048700 ms (FindLiveObjects: 0.269300 ms CreateObjectMapping: 0.197200 ms MarkObjects: 2.428300 ms  DeleteObjects: 0.153000 ms)

AssetImportParameters requested are different than current active one (requested -> active):
  custom:video-decoder-ogg-theora: a1e56fd34408186e4bbccfd4996cb3dc -> 
  custom:container-muxer-webm: aa71ff27fc2769a1b78a27578f13a17b -> 
  custom:container-demuxer-webm: 4f35f7cbe854078d1ac9338744f61a02 -> 
  custom:video-encoder-webm-vp8: eb34c28f22e8b96e1ab97ce403110664 -> 
  custom:video-codec-MediaFoundation-h265: 746d11721c4dcdbdad8f713fa42b33f4 -> 
  custom:audio-encoder-webm-vorbis: bf7c407c2cedff20999df2af8eb42d56 -> 
  custom:framework-win-MediaFoundation: 216162199b28c13a410421893ffa2e32 -> 
  custom:container-demuxer-ogg: 62fdf1f143b41e24485cea50d1cbac27 -> 
  custom:video-decoder-webm-vp8: 9c59270c3fd7afecdb556c50c9e8de78 -> 
  custom:audio-decoder-ogg-vorbis: bf7c407c2cedff20999df2af8eb42d56 -> 
========================================================================
Received Import Request.
  Time since last request: 149953.777588 seconds.
  path: Assets/Textures/Basic Tilemap.png
  artifactKey: Guid(35b86665ba30df14f830f45d4cf6eb7b) Importer(815301076,1909f56bfc062723c751e8b465ee728b)
Start importing Assets/Textures/Basic Tilemap.png using Guid(35b86665ba30df14f830f45d4cf6eb7b) Importer(815301076,1909f56bfc062723c751e8b465ee728b)  -> (artifact id: 'e491581947c112e51b810ebc3cccf4b6') in 0.160000 seconds 
========================================================================
Received Import Request.
  Time since last request: 0.000022 seconds.
  path: Assets/Textures/Basic Tilemap_5.asset
  artifactKey: Guid(a9f9dc5d58f4f104bab664f94f078538) Importer(815301076,1909f56bfc062723c751e8b465ee728b)
Start importing Assets/Textures/Basic Tilemap_5.asset using Guid(a9f9dc5d58f4f104bab664f94f078538) Importer(815301076,1909f56bfc062723c751e8b465ee728b)  -> (artifact id: '28283f5121306a6d4ecb1b3c4f31441b') in 0.013931 seconds 
========================================================================
Received Import Request.
  Time since last request: 42.789229 seconds.
  path: Assets/Textures/Basic Tilemap_0.asset
  artifactKey: Guid(a60b2f72d1e4b314f9e36562b6f722a2) Importer(815301076,1909f56bfc062723c751e8b465ee728b)
Start importing Assets/Textures/Basic Tilemap_0.asset using Guid(a60b2f72d1e4b314f9e36562b6f722a2) Importer(815301076,1909f56bfc062723c751e8b465ee728b)  -> (artifact id: 'cf9814325cdeef3c4ff8c11fe29c7eaf') in 0.010216 seconds 
========================================================================
Received Import Request.
  Time since last request: 0.000019 seconds.
  path: Assets/Textures/Basic Tilemap_8.asset
  artifactKey: Guid(5d68cdde2f1cb7640aabafa7eded2662) Importer(815301076,1909f56bfc062723c751e8b465ee728b)
Start importing Assets/Textures/Basic Tilemap_8.asset using Guid(5d68cdde2f1cb7640aabafa7eded2662) Importer(815301076,1909f56bfc062723c751e8b465ee728b)  -> (artifact id: 'f1dbafd619d2c73840c5b59f7b2c3ab3') in 0.006309 seconds 
========================================================================
Received Import Request.
  Time since last request: 0.000020 seconds.
  path: Assets/Textures/Basic Tilemap_7.asset
  artifactKey: Guid(589b8261cf4c98848ae326e9bf674564) Importer(815301076,1909f56bfc062723c751e8b465ee728b)
Start importing Assets/Textures/Basic Tilemap_7.asset using Guid(589b8261cf4c98848ae326e9bf674564) Importer(815301076,1909f56bfc062723c751e8b465ee728b)  -> (artifact id: '4ff6cacf76522572770184202386cb99') in 0.006652 seconds 
========================================================================
Received Import Request.
  Time since last request: 0.000019 seconds.
  path: Assets/Textures/Basic Tilemap_5.asset
  artifactKey: Guid(a9f9dc5d58f4f104bab664f94f078538) Importer(815301076,1909f56bfc062723c751e8b465ee728b)
Start importing Assets/Textures/Basic Tilemap_5.asset using Guid(a9f9dc5d58f4f104bab664f94f078538) Importer(815301076,1909f56bfc062723c751e8b465ee728b)  -> (artifact id: 'eac8f86f5383e56cf994b87c16768d52') in 0.007841 seconds 
========================================================================
Received Import Request.
  Time since last request: 0.000021 seconds.
  path: Assets/Textures/Basic Tilemap_3.asset
  artifactKey: Guid(6f6081510d721f24a873271a9dc6af28) Importer(815301076,1909f56bfc062723c751e8b465ee728b)
Start importing Assets/Textures/Basic Tilemap_3.asset using Guid(6f6081510d721f24a873271a9dc6af28) Importer(815301076,1909f56bfc062723c751e8b465ee728b)  -> (artifact id: '9bd4eb0775343b4d2bea8b46478b263f') in 0.005267 seconds 
========================================================================
Received Import Request.
  Time since last request: 8.318881 seconds.
  path: Assets/Textures/Basic Tilemap_0.asset
  artifactKey: Guid(a60b2f72d1e4b314f9e36562b6f722a2) Importer(815301076,1909f56bfc062723c751e8b465ee728b)
Start importing Assets/Textures/Basic Tilemap_0.asset using Guid(a60b2f72d1e4b314f9e36562b6f722a2) Importer(815301076,1909f56bfc062723c751e8b465ee728b)  -> (artifact id: 'dbbbd768f729c9ffcd7916fe93cdf4e3') in 0.008680 seconds 
========================================================================
Received Import Request.
  Time since last request: 0.000017 seconds.
  path: Assets/Textures/Basic Tilemap_10.asset
  artifactKey: Guid(b1182fb9645c0004b89833cd3c7931a2) Importer(815301076,1909f56bfc062723c751e8b465ee728b)
Start importing Assets/Textures/Basic Tilemap_10.asset using Guid(b1182fb9645c0004b89833cd3c7931a2) Importer(815301076,1909f56bfc062723c751e8b465ee728b)  -> (artifact id: '4656d7c8436abdb440d1a6b98ae877cc') in 0.006917 seconds 
========================================================================
Received Import Request.
  Time since last request: 0.000017 seconds.
  path: Assets/Textures/Basic Tilemap_5.asset
  artifactKey: Guid(a9f9dc5d58f4f104bab664f94f078538) Importer(815301076,1909f56bfc062723c751e8b465ee728b)
Start importing Assets/Textures/Basic Tilemap_5.asset using Guid(a9f9dc5d58f4f104bab664f94f078538) Importer(815301076,1909f56bfc062723c751e8b465ee728b)  -> (artifact id: 'd964203090263ee3d17292107637665c') in 0.006849 seconds 
========================================================================
Received Import Request.
  Time since last request: 7.291204 seconds.
  path: Assets/Textures/Basic Tilemap_1.asset
  artifactKey: Guid(98b781e3c7f1ad44292b8c33c1f2f54a) Importer(815301076,1909f56bfc062723c751e8b465ee728b)
Start importing Assets/Textures/Basic Tilemap_1.asset using Guid(98b781e3c7f1ad44292b8c33c1f2f54a) Importer(815301076,1909f56bfc062723c751e8b465ee728b)  -> (artifact id: '46588ce93f16eb7e3bc0375a9e89cd3b') in 0.006836 seconds 
========================================================================
Received Import Request.
  Time since last request: 0.000020 seconds.
  path: Assets/Textures/Basic Tilemap_8.asset
  artifactKey: Guid(5d68cdde2f1cb7640aabafa7eded2662) Importer(815301076,1909f56bfc062723c751e8b465ee728b)
Start importing Assets/Textures/Basic Tilemap_8.asset using Guid(5d68cdde2f1cb7640aabafa7eded2662) Importer(815301076,1909f56bfc062723c751e8b465ee728b)  -> (artifact id: '3438bae7d16bd47e2e5c216f11da5450') in 0.006696 seconds 
========================================================================
Received Import Request.
  Time since last request: 0.000015 seconds.
  path: Assets/Textures/Basic Tilemap_6.asset
  artifactKey: Guid(00501dff579564246a23450b33758c87) Importer(815301076,1909f56bfc062723c751e8b465ee728b)
Start importing Assets/Textures/Basic Tilemap_6.asset using Guid(00501dff579564246a23450b33758c87) Importer(815301076,1909f56bfc062723c751e8b465ee728b)  -> (artifact id: 'a30b21b3d3959006c0ca6b4d65f7ab6d') in 0.007610 seconds 
Editor requested this worker to shutdown with reason: Scaling down because of idle timeout
AssetImportWorker is now disconnected from the server
Process exiting
Exiting without the bug reporter. Application will terminate with return code 0