Using pre-set license
Built from '2021.3/staging' branch; Version is '2021.3.2f1 (d6360bedb9a0) revision 14038539'; Using compiler version '192829333'; Build Type 'Release'
OS: 'Windows 10  (10.0.19044) 64bit Professional' Language: 'en' Physical Memory: 16309 MB
BatchMode: 1, IsHumanControllingUs: 0, StartBugReporterOnCrash: 0, Is64bit: 1, IsPro: 1

COMMAND LINE ARGUMENTS:
C:\Program Files\Unity\Hub\Editor\2021.3.2f1\Editor\Unity.exe
-adb2
-batchMode
-noUpm
-name
AssetImportWorker5
-projectPath
C:/Users/chido/Documents/GitHub/Game-Works/DragonCourier/Prototype/Survive
-logFile
Logs/AssetImportWorker5.log
-srvPort
60926
Successfully changed project path to: C:/Users/chido/Documents/GitHub/Game-Works/DragonCourier/Prototype/Survive
C:/Users/chido/Documents/GitHub/Game-Works/DragonCourier/Prototype/Survive
[UnityMemory] Configuration Parameters - Can be set up in boot.config
    "memorysetup-bucket-allocator-granularity=16"
    "memorysetup-bucket-allocator-bucket-count=8"
    "memorysetup-bucket-allocator-block-size=33554432"
    "memorysetup-bucket-allocator-block-count=8"
    "memorysetup-main-allocator-block-size=16777216"
    "memorysetup-thread-allocator-block-size=16777216"
    "memorysetup-gfx-main-allocator-block-size=16777216"
    "memorysetup-gfx-thread-allocator-block-size=16777216"
    "memorysetup-cache-allocator-block-size=4194304"
    "memorysetup-typetree-allocator-block-size=2097152"
    "memorysetup-profiler-bucket-allocator-granularity=16"
    "memorysetup-profiler-bucket-allocator-bucket-count=8"
    "memorysetup-profiler-bucket-allocator-block-size=33554432"
    "memorysetup-profiler-bucket-allocator-block-count=8"
    "memorysetup-profiler-allocator-block-size=16777216"
    "memorysetup-profiler-editor-allocator-block-size=1048576"
    "memorysetup-temp-allocator-size-main=16777216"
    "memorysetup-job-temp-allocator-block-size=2097152"
    "memorysetup-job-temp-allocator-block-size-background=1048576"
    "memorysetup-job-temp-allocator-reduction-small-platforms=262144"
    "memorysetup-temp-allocator-size-background-worker=32768"
    "memorysetup-temp-allocator-size-job-worker=262144"
    "memorysetup-temp-allocator-size-preload-manager=33554432"
    "memorysetup-temp-allocator-size-nav-mesh-worker=65536"
    "memorysetup-temp-allocator-size-audio-worker=65536"
    "memorysetup-temp-allocator-size-cloud-worker=32768"
    "memorysetup-temp-allocator-size-gi-baking-worker=262144"
    "memorysetup-temp-allocator-size-gfx=262144"
Refreshing native plugins compatible for Editor in 70.86 ms, found 4 plugins.
Preloading 0 native plugins for Editor in 0.00 ms.
Initialize engine version: 2021.3.2f1 (d6360bedb9a0)
[Subsystems] Discovering subsystems at path C:/Program Files/Unity/Hub/Editor/2021.3.2f1/Editor/Data/Resources/UnitySubsystems
[Subsystems] Discovering subsystems at path C:/Users/chido/Documents/GitHub/Game-Works/DragonCourier/Prototype/Survive/Assets
GfxDevice: creating device client; threaded=0; jobified=0
Direct3D:
    Version:  Direct3D 11.0 [level 11.1]
    Renderer: AMD Radeon RX 6800 XT (ID=0x73bf)
    Vendor:   ATI
    VRAM:     16338 MB
    Driver:   30.0.15002.1004
Initialize mono
Mono path[0] = 'C:/Program Files/Unity/Hub/Editor/2021.3.2f1/Editor/Data/Managed'
Mono path[1] = 'C:/Program Files/Unity/Hub/Editor/2021.3.2f1/Editor/Data/MonoBleedingEdge/lib/mono/unityjit-win32'
Mono config path = 'C:/Program Files/Unity/Hub/Editor/2021.3.2f1/Editor/Data/MonoBleedingEdge/etc'
Using monoOptions --debugger-agent=transport=dt_socket,embedding=1,server=y,suspend=n,address=127.0.0.1:56456
Begin MonoManager ReloadAssembly
Registering precompiled unity dll's ...
Register platform support module: C:/Program Files/Unity/Hub/Editor/2021.3.2f1/Editor/Data/PlaybackEngines/WebGLSupport/UnityEditor.WebGL.Extensions.dll
Register platform support module: C:/Program Files/Unity/Hub/Editor/2021.3.2f1/Editor/Data/PlaybackEngines/WindowsStandaloneSupport/UnityEditor.WindowsStandalone.Extensions.dll
Registered in 0.006363 seconds.
Native extension for WindowsStandalone target not found
Native extension for WebGL target not found
Refreshing native plugins compatible for Editor in 70.13 ms, found 4 plugins.
Preloading 0 native plugins for Editor in 0.00 ms.
Mono: successfully reloaded assembly
- Completed reload, in  0.465 seconds
Domain Reload Profiling:
	ReloadAssembly (465ms)
		BeginReloadAssembly (53ms)
			ExecutionOrderSort (0ms)
			DisableScriptedObjects (0ms)
			BackupInstance (0ms)
			ReleaseScriptingObjects (0ms)
			CreateAndSetChildDomain (1ms)
		EndReloadAssembly (331ms)
			LoadAssemblies (51ms)
			RebuildTransferFunctionScriptingTraits (0ms)
			SetupTypeCache (67ms)
			ReleaseScriptCaches (0ms)
			RebuildScriptCaches (18ms)
			SetupLoadedEditorAssemblies (208ms)
				LogAssemblyErrors (0ms)
				InitializePlatformSupportModulesInManaged (7ms)
				SetLoadedEditorAssemblies (0ms)
				RefreshPlugins (70ms)
				BeforeProcessingInitializeOnLoad (1ms)
				ProcessInitializeOnLoadAttributes (99ms)
				ProcessInitializeOnLoadMethodAttributes (31ms)
				AfterProcessingInitializeOnLoad (0ms)
				EditorAssembliesLoaded (0ms)
			ExecutionOrderSort2 (0ms)
			AwakeInstancesAfterBackupRestoration (0ms)
Platform modules already initialized, skipping
Registering precompiled user dll's ...
Registered in 0.006716 seconds.
Begin MonoManager ReloadAssembly
Symbol file LoadedFromMemory doesn't match image C:\Users\chido\Documents\GitHub\Game-Works\DragonCourier\Prototype\Survive\Library\PackageCache\com.unity.visualscripting@1.7.6\Editor\VisualScripting.Core\Dependencies\YamlDotNet\Unity.VisualScripting.YamlDotNet.dll
Symbol file LoadedFromMemory doesn't match image C:\Users\chido\Documents\GitHub\Game-Works\DragonCourier\Prototype\Survive\Library\PackageCache\com.unity.visualscripting@1.7.6\Editor\VisualScripting.Core\Dependencies\DotNetZip\Unity.VisualScripting.IonicZip.dll
Native extension for WindowsStandalone target not found
Native extension for WebGL target not found
Refreshing native plugins compatible for Editor in 69.66 ms, found 4 plugins.
Preloading 0 native plugins for Editor in 0.00 ms.
Mono: successfully reloaded assembly
- Completed reload, in  0.823 seconds
Domain Reload Profiling:
	ReloadAssembly (824ms)
		BeginReloadAssembly (83ms)
			ExecutionOrderSort (0ms)
			DisableScriptedObjects (4ms)
			BackupInstance (0ms)
			ReleaseScriptingObjects (0ms)
			CreateAndSetChildDomain (17ms)
		EndReloadAssembly (657ms)
			LoadAssemblies (62ms)
			RebuildTransferFunctionScriptingTraits (0ms)
			SetupTypeCache (159ms)
			ReleaseScriptCaches (1ms)
			RebuildScriptCaches (38ms)
			SetupLoadedEditorAssemblies (366ms)
				LogAssemblyErrors (0ms)
				InitializePlatformSupportModulesInManaged (5ms)
				SetLoadedEditorAssemblies (0ms)
				RefreshPlugins (70ms)
				BeforeProcessingInitializeOnLoad (78ms)
				ProcessInitializeOnLoadAttributes (173ms)
				ProcessInitializeOnLoadMethodAttributes (33ms)
				AfterProcessingInitializeOnLoad (6ms)
				EditorAssembliesLoaded (0ms)
			ExecutionOrderSort2 (0ms)
			AwakeInstancesAfterBackupRestoration (4ms)
Platform modules already initialized, skipping
========================================================================
Worker process is ready to serve import requests
Launched and connected shader compiler UnityShaderCompiler.exe after 0.05 seconds
Refreshing native plugins compatible for Editor in 0.85 ms, found 4 plugins.
Preloading 0 native plugins for Editor in 0.00 ms.
Unloading 4048 Unused Serialized files (Serialized files now loaded: 0)
Unloading 43 unused Assets / (225.3 KB). Loaded Objects now: 4499.
Memory consumption went from 151.9 MB to 151.7 MB.
Total: 3.109400 ms (FindLiveObjects: 0.259600 ms CreateObjectMapping: 0.166300 ms MarkObjects: 2.545700 ms  DeleteObjects: 0.137000 ms)

AssetImportParameters requested are different than current active one (requested -> active):
  custom:video-decoder-ogg-theora: a1e56fd34408186e4bbccfd4996cb3dc -> 
  custom:container-muxer-webm: aa71ff27fc2769a1b78a27578f13a17b -> 
  custom:container-demuxer-webm: 4f35f7cbe854078d1ac9338744f61a02 -> 
  custom:video-encoder-webm-vp8: eb34c28f22e8b96e1ab97ce403110664 -> 
  custom:video-codec-MediaFoundation-h265: 746d11721c4dcdbdad8f713fa42b33f4 -> 
  custom:audio-encoder-webm-vorbis: bf7c407c2cedff20999df2af8eb42d56 -> 
  custom:framework-win-MediaFoundation: 216162199b28c13a410421893ffa2e32 -> 
  custom:container-demuxer-ogg: 62fdf1f143b41e24485cea50d1cbac27 -> 
  custom:video-decoder-webm-vp8: 9c59270c3fd7afecdb556c50c9e8de78 -> 
  custom:audio-decoder-ogg-vorbis: bf7c407c2cedff20999df2af8eb42d56 -> 
========================================================================
Received Import Request.
  Time since last request: 149996.754673 seconds.
  path: Assets/Textures/Basic Tilemap_2.asset
  artifactKey: Guid(06bb36d28c5b52e46b996af3d18215aa) Importer(815301076,1909f56bfc062723c751e8b465ee728b)
Start importing Assets/Textures/Basic Tilemap_2.asset using Guid(06bb36d28c5b52e46b996af3d18215aa) Importer(815301076,1909f56bfc062723c751e8b465ee728b)  -> (artifact id: '1e7776ba1d94032c00fbcfc9f1934e38') in 0.065607 seconds 
========================================================================
Received Import Request.
  Time since last request: 8.313729 seconds.
  path: Assets/Textures/Basic Tilemap_2.asset
  artifactKey: Guid(06bb36d28c5b52e46b996af3d18215aa) Importer(815301076,1909f56bfc062723c751e8b465ee728b)
Start importing Assets/Textures/Basic Tilemap_2.asset using Guid(06bb36d28c5b52e46b996af3d18215aa) Importer(815301076,1909f56bfc062723c751e8b465ee728b)  -> (artifact id: '38ff7a740945984671d8b738b4d31f54') in 0.008324 seconds 
========================================================================
Received Import Request.
  Time since last request: 0.000015 seconds.
  path: Assets/Textures/Basic Tilemap_8.asset
  artifactKey: Guid(5d68cdde2f1cb7640aabafa7eded2662) Importer(815301076,1909f56bfc062723c751e8b465ee728b)
Start importing Assets/Textures/Basic Tilemap_8.asset using Guid(5d68cdde2f1cb7640aabafa7eded2662) Importer(815301076,1909f56bfc062723c751e8b465ee728b)  -> (artifact id: '1d666edf93f627536f1655562826e6e1') in 0.007017 seconds 
========================================================================
Received Import Request.
  Time since last request: 0.000015 seconds.
  path: Assets/Textures/Basic Tilemap_6.asset
  artifactKey: Guid(00501dff579564246a23450b33758c87) Importer(815301076,1909f56bfc062723c751e8b465ee728b)
Start importing Assets/Textures/Basic Tilemap_6.asset using Guid(00501dff579564246a23450b33758c87) Importer(815301076,1909f56bfc062723c751e8b465ee728b)  -> (artifact id: 'b43ee6486db63edc8cd0bcf789c718a6') in 0.006456 seconds 
========================================================================
Received Import Request.
  Time since last request: 0.000014 seconds.
  path: Assets/Textures/Basic Tilemap_3.asset
  artifactKey: Guid(6f6081510d721f24a873271a9dc6af28) Importer(815301076,1909f56bfc062723c751e8b465ee728b)
Start importing Assets/Textures/Basic Tilemap_3.asset using Guid(6f6081510d721f24a873271a9dc6af28) Importer(815301076,1909f56bfc062723c751e8b465ee728b)  -> (artifact id: '32b0573b000076a559e08552557b20af') in 0.005682 seconds 
========================================================================
Received Import Request.
  Time since last request: 7.282230 seconds.
  path: Assets/Textures/Basic Tilemap_3.asset
  artifactKey: Guid(6f6081510d721f24a873271a9dc6af28) Importer(815301076,1909f56bfc062723c751e8b465ee728b)
Start importing Assets/Textures/Basic Tilemap_3.asset using Guid(6f6081510d721f24a873271a9dc6af28) Importer(815301076,1909f56bfc062723c751e8b465ee728b)  -> (artifact id: '2a9114191ca63fcfcce89afbed66b459') in 0.006646 seconds 
========================================================================
Received Import Request.
  Time since last request: 0.000015 seconds.
  path: Assets/Textures/Basic Tilemap_7.asset
  artifactKey: Guid(589b8261cf4c98848ae326e9bf674564) Importer(815301076,1909f56bfc062723c751e8b465ee728b)
Start importing Assets/Textures/Basic Tilemap_7.asset using Guid(589b8261cf4c98848ae326e9bf674564) Importer(815301076,1909f56bfc062723c751e8b465ee728b)  -> (artifact id: '8d597f21efe9373fb78a68a4a72567a0') in 0.008582 seconds 
========================================================================
Received Import Request.
  Time since last request: 0.000015 seconds.
  path: Assets/Textures/Basic Tilemap_9.asset
  artifactKey: Guid(29042727fc1aec442a8f45423f158bfb) Importer(815301076,1909f56bfc062723c751e8b465ee728b)
Start importing Assets/Textures/Basic Tilemap_9.asset using Guid(29042727fc1aec442a8f45423f158bfb) Importer(815301076,1909f56bfc062723c751e8b465ee728b)  -> (artifact id: '6b5ffa056dcf8d4dd7fa2cd536f0c5fd') in 0.007248 seconds 
========================================================================
Received Import Request.
  Time since last request: 82.627825 seconds.
  path: Assets/Textures/Basic Tilemap_0.asset
  artifactKey: Guid(a60b2f72d1e4b314f9e36562b6f722a2) Importer(815301076,1909f56bfc062723c751e8b465ee728b)
Start importing Assets/Textures/Basic Tilemap_0.asset using Guid(a60b2f72d1e4b314f9e36562b6f722a2) Importer(815301076,1909f56bfc062723c751e8b465ee728b)  -> (artifact id: 'b7141188ed04edaf73659fe043e94cb2') in 0.006953 seconds 
========================================================================
Received Import Request.
  Time since last request: 0.003181 seconds.
  path: Assets/Textures/Basic Tilemap_2.asset
  artifactKey: Guid(06bb36d28c5b52e46b996af3d18215aa) Importer(815301076,1909f56bfc062723c751e8b465ee728b)
Start importing Assets/Textures/Basic Tilemap_2.asset using Guid(06bb36d28c5b52e46b996af3d18215aa) Importer(815301076,1909f56bfc062723c751e8b465ee728b)  -> (artifact id: 'bf638f1ae9837bbab4da51e2ff81c2d8') in 0.006529 seconds 
========================================================================
Received Import Request.
  Time since last request: 0.000018 seconds.
  path: Assets/Textures/Basic Tilemap_10.asset
  artifactKey: Guid(b1182fb9645c0004b89833cd3c7931a2) Importer(815301076,1909f56bfc062723c751e8b465ee728b)
Start importing Assets/Textures/Basic Tilemap_10.asset using Guid(b1182fb9645c0004b89833cd3c7931a2) Importer(815301076,1909f56bfc062723c751e8b465ee728b)  -> (artifact id: '33b0d6ab55f1326245822cbf7ee80946') in 0.005710 seconds 
========================================================================
Received Import Request.
  Time since last request: 0.000017 seconds.
  path: Assets/Textures/Basic Tilemap_8.asset
  artifactKey: Guid(5d68cdde2f1cb7640aabafa7eded2662) Importer(815301076,1909f56bfc062723c751e8b465ee728b)
Start importing Assets/Textures/Basic Tilemap_8.asset using Guid(5d68cdde2f1cb7640aabafa7eded2662) Importer(815301076,1909f56bfc062723c751e8b465ee728b)  -> (artifact id: 'd3830688cf06f37b5fa6fcc445801fe5') in 0.006505 seconds 
========================================================================
Received Import Request.
  Time since last request: 0.000022 seconds.
  path: Assets/Textures/Basic Tilemap_4.asset
  artifactKey: Guid(f44833cbb69e022468b9b28092a1f715) Importer(815301076,1909f56bfc062723c751e8b465ee728b)
Start importing Assets/Textures/Basic Tilemap_4.asset using Guid(f44833cbb69e022468b9b28092a1f715) Importer(815301076,1909f56bfc062723c751e8b465ee728b)  -> (artifact id: '4e7456efdd004d2982c461f1e6ab28be') in 0.006160 seconds 
========================================================================
Received Import Request.
  Time since last request: 0.000039 seconds.
  path: Assets/Textures/Basic Tilemap_1.asset
  artifactKey: Guid(98b781e3c7f1ad44292b8c33c1f2f54a) Importer(815301076,1909f56bfc062723c751e8b465ee728b)
Start importing Assets/Textures/Basic Tilemap_1.asset using Guid(98b781e3c7f1ad44292b8c33c1f2f54a) Importer(815301076,1909f56bfc062723c751e8b465ee728b)  -> (artifact id: '6126ebdedab11accff41a76ec139cc3c') in 0.006117 seconds 
========================================================================
Received Import Request.
  Time since last request: 0.000018 seconds.
  path: Assets/Textures/Basic Tilemap_7.asset
  artifactKey: Guid(589b8261cf4c98848ae326e9bf674564) Importer(815301076,1909f56bfc062723c751e8b465ee728b)
Start importing Assets/Textures/Basic Tilemap_7.asset using Guid(589b8261cf4c98848ae326e9bf674564) Importer(815301076,1909f56bfc062723c751e8b465ee728b)  -> (artifact id: '480ad514d0e08c0fb2867d378876513b') in 0.006617 seconds 
========================================================================
Received Import Request.
  Time since last request: 0.000023 seconds.
  path: Assets/Textures/Basic Tilemap_6.asset
  artifactKey: Guid(00501dff579564246a23450b33758c87) Importer(815301076,1909f56bfc062723c751e8b465ee728b)
Start importing Assets/Textures/Basic Tilemap_6.asset using Guid(00501dff579564246a23450b33758c87) Importer(815301076,1909f56bfc062723c751e8b465ee728b)  -> (artifact id: 'dfd3c2a0c313a14a88fcd4acb04b0c9d') in 0.007651 seconds 
========================================================================
Received Import Request.
  Time since last request: 0.000017 seconds.
  path: Assets/Textures/Basic Tilemap_5.asset
  artifactKey: Guid(a9f9dc5d58f4f104bab664f94f078538) Importer(815301076,1909f56bfc062723c751e8b465ee728b)
Start importing Assets/Textures/Basic Tilemap_5.asset using Guid(a9f9dc5d58f4f104bab664f94f078538) Importer(815301076,1909f56bfc062723c751e8b465ee728b)  -> (artifact id: 'a10a8a62bd230dde0f798afbd909a2cd') in 0.007193 seconds 
========================================================================
Received Import Request.
  Time since last request: 0.000028 seconds.
  path: Assets/Textures/Basic Tilemap_3.asset
  artifactKey: Guid(6f6081510d721f24a873271a9dc6af28) Importer(815301076,1909f56bfc062723c751e8b465ee728b)
Start importing Assets/Textures/Basic Tilemap_3.asset using Guid(6f6081510d721f24a873271a9dc6af28) Importer(815301076,1909f56bfc062723c751e8b465ee728b)  -> (artifact id: 'd73580d904d9e2f5d06b59b85fad4b82') in 0.006953 seconds 
========================================================================
Received Import Request.
  Time since last request: 12.457454 seconds.
  path: Assets/Textures/Basic Tilemap_1.asset
  artifactKey: Guid(98b781e3c7f1ad44292b8c33c1f2f54a) Importer(815301076,1909f56bfc062723c751e8b465ee728b)
Start importing Assets/Textures/Basic Tilemap_1.asset using Guid(98b781e3c7f1ad44292b8c33c1f2f54a) Importer(815301076,1909f56bfc062723c751e8b465ee728b)  -> (artifact id: '9d7a0af60954ec7b999595695745a1d8') in 0.006623 seconds 
========================================================================
Received Import Request.
  Time since last request: 0.000016 seconds.
  path: Assets/Textures/Basic Tilemap_10.asset
  artifactKey: Guid(b1182fb9645c0004b89833cd3c7931a2) Importer(815301076,1909f56bfc062723c751e8b465ee728b)
Start importing Assets/Textures/Basic Tilemap_10.asset using Guid(b1182fb9645c0004b89833cd3c7931a2) Importer(815301076,1909f56bfc062723c751e8b465ee728b)  -> (artifact id: 'fde4b175eff9edc04706998fb415aa51') in 0.005908 seconds 
========================================================================
Received Import Request.
  Time since last request: 0.000017 seconds.
  path: Assets/Textures/Basic Tilemap_7.asset
  artifactKey: Guid(589b8261cf4c98848ae326e9bf674564) Importer(815301076,1909f56bfc062723c751e8b465ee728b)
Start importing Assets/Textures/Basic Tilemap_7.asset using Guid(589b8261cf4c98848ae326e9bf674564) Importer(815301076,1909f56bfc062723c751e8b465ee728b)  -> (artifact id: '113fbc21f38dc7ccff21bd4da6ac1e39') in 0.005902 seconds 
========================================================================
Received Import Request.
  Time since last request: 0.000015 seconds.
  path: Assets/Textures/Basic Tilemap_6.asset
  artifactKey: Guid(00501dff579564246a23450b33758c87) Importer(815301076,1909f56bfc062723c751e8b465ee728b)
Start importing Assets/Textures/Basic Tilemap_6.asset using Guid(00501dff579564246a23450b33758c87) Importer(815301076,1909f56bfc062723c751e8b465ee728b)  -> (artifact id: '96502563e7834496382545c6ad57b6b3') in 0.006098 seconds 
========================================================================
Received Import Request.
  Time since last request: 0.000015 seconds.
  path: Assets/Textures/Basic Tilemap_9.asset
  artifactKey: Guid(29042727fc1aec442a8f45423f158bfb) Importer(815301076,1909f56bfc062723c751e8b465ee728b)
Start importing Assets/Textures/Basic Tilemap_9.asset using Guid(29042727fc1aec442a8f45423f158bfb) Importer(815301076,1909f56bfc062723c751e8b465ee728b)  -> (artifact id: '00b8b6aea5773da7494148b20b9f4331') in 0.006020 seconds 
Editor requested this worker to shutdown with reason: Scaling down because of idle timeout
AssetImportWorker is now disconnected from the server
Process exiting
Exiting without the bug reporter. Application will terminate with return code 0