Using pre-set license
Built from '2021.3/staging' branch; Version is '2021.3.2f1 (d6360bedb9a0) revision 14038539'; Using compiler version '192829333'; Build Type 'Release'
OS: 'Windows 10  (10.0.19044) 64bit Professional' Language: 'en' Physical Memory: 16309 MB
BatchMode: 1, IsHumanControllingUs: 0, StartBugReporterOnCrash: 0, Is64bit: 1, IsPro: 1

COMMAND LINE ARGUMENTS:
C:\Program Files\Unity\Hub\Editor\2021.3.2f1\Editor\Unity.exe
-adb2
-batchMode
-noUpm
-name
AssetImportWorker3
-projectPath
C:/Users/chido/Documents/GitHub/Game-Works/DragonCourier/Prototype/Survive
-logFile
Logs/AssetImportWorker3.log
-srvPort
60926
Successfully changed project path to: C:/Users/chido/Documents/GitHub/Game-Works/DragonCourier/Prototype/Survive
C:/Users/chido/Documents/GitHub/Game-Works/DragonCourier/Prototype/Survive
[UnityMemory] Configuration Parameters - Can be set up in boot.config
    "memorysetup-bucket-allocator-granularity=16"
    "memorysetup-bucket-allocator-bucket-count=8"
    "memorysetup-bucket-allocator-block-size=33554432"
    "memorysetup-bucket-allocator-block-count=8"
    "memorysetup-main-allocator-block-size=16777216"
    "memorysetup-thread-allocator-block-size=16777216"
    "memorysetup-gfx-main-allocator-block-size=16777216"
    "memorysetup-gfx-thread-allocator-block-size=16777216"
    "memorysetup-cache-allocator-block-size=4194304"
    "memorysetup-typetree-allocator-block-size=2097152"
    "memorysetup-profiler-bucket-allocator-granularity=16"
    "memorysetup-profiler-bucket-allocator-bucket-count=8"
    "memorysetup-profiler-bucket-allocator-block-size=33554432"
    "memorysetup-profiler-bucket-allocator-block-count=8"
    "memorysetup-profiler-allocator-block-size=16777216"
    "memorysetup-profiler-editor-allocator-block-size=1048576"
    "memorysetup-temp-allocator-size-main=16777216"
    "memorysetup-job-temp-allocator-block-size=2097152"
    "memorysetup-job-temp-allocator-block-size-background=1048576"
    "memorysetup-job-temp-allocator-reduction-small-platforms=262144"
    "memorysetup-temp-allocator-size-background-worker=32768"
    "memorysetup-temp-allocator-size-job-worker=262144"
    "memorysetup-temp-allocator-size-preload-manager=33554432"
    "memorysetup-temp-allocator-size-nav-mesh-worker=65536"
    "memorysetup-temp-allocator-size-audio-worker=65536"
    "memorysetup-temp-allocator-size-cloud-worker=32768"
    "memorysetup-temp-allocator-size-gi-baking-worker=262144"
    "memorysetup-temp-allocator-size-gfx=262144"
Refreshing native plugins compatible for Editor in 74.71 ms, found 4 plugins.
Preloading 0 native plugins for Editor in 0.00 ms.
Initialize engine version: 2021.3.2f1 (d6360bedb9a0)
[Subsystems] Discovering subsystems at path C:/Program Files/Unity/Hub/Editor/2021.3.2f1/Editor/Data/Resources/UnitySubsystems
[Subsystems] Discovering subsystems at path C:/Users/chido/Documents/GitHub/Game-Works/DragonCourier/Prototype/Survive/Assets
GfxDevice: creating device client; threaded=0; jobified=0
Direct3D:
    Version:  Direct3D 11.0 [level 11.1]
    Renderer: AMD Radeon RX 6800 XT (ID=0x73bf)
    Vendor:   ATI
    VRAM:     16338 MB
    Driver:   30.0.15002.1004
Initialize mono
Mono path[0] = 'C:/Program Files/Unity/Hub/Editor/2021.3.2f1/Editor/Data/Managed'
Mono path[1] = 'C:/Program Files/Unity/Hub/Editor/2021.3.2f1/Editor/Data/MonoBleedingEdge/lib/mono/unityjit-win32'
Mono config path = 'C:/Program Files/Unity/Hub/Editor/2021.3.2f1/Editor/Data/MonoBleedingEdge/etc'
Using monoOptions --debugger-agent=transport=dt_socket,embedding=1,server=y,suspend=n,address=127.0.0.1:56564
Begin MonoManager ReloadAssembly
Registering precompiled unity dll's ...
Register platform support module: C:/Program Files/Unity/Hub/Editor/2021.3.2f1/Editor/Data/PlaybackEngines/WebGLSupport/UnityEditor.WebGL.Extensions.dll
Register platform support module: C:/Program Files/Unity/Hub/Editor/2021.3.2f1/Editor/Data/PlaybackEngines/WindowsStandaloneSupport/UnityEditor.WindowsStandalone.Extensions.dll
Registered in 0.006063 seconds.
Native extension for WindowsStandalone target not found
Native extension for WebGL target not found
Refreshing native plugins compatible for Editor in 72.14 ms, found 4 plugins.
Preloading 0 native plugins for Editor in 0.00 ms.
Mono: successfully reloaded assembly
- Completed reload, in  0.499 seconds
Domain Reload Profiling:
	ReloadAssembly (500ms)
		BeginReloadAssembly (54ms)
			ExecutionOrderSort (0ms)
			DisableScriptedObjects (0ms)
			BackupInstance (0ms)
			ReleaseScriptingObjects (0ms)
			CreateAndSetChildDomain (1ms)
		EndReloadAssembly (365ms)
			LoadAssemblies (52ms)
			RebuildTransferFunctionScriptingTraits (0ms)
			SetupTypeCache (74ms)
			ReleaseScriptCaches (0ms)
			RebuildScriptCaches (24ms)
			SetupLoadedEditorAssemblies (225ms)
				LogAssemblyErrors (0ms)
				InitializePlatformSupportModulesInManaged (8ms)
				SetLoadedEditorAssemblies (0ms)
				RefreshPlugins (72ms)
				BeforeProcessingInitializeOnLoad (1ms)
				ProcessInitializeOnLoadAttributes (108ms)
				ProcessInitializeOnLoadMethodAttributes (35ms)
				AfterProcessingInitializeOnLoad (0ms)
				EditorAssembliesLoaded (0ms)
			ExecutionOrderSort2 (0ms)
			AwakeInstancesAfterBackupRestoration (0ms)
Platform modules already initialized, skipping
Registering precompiled user dll's ...
Registered in 0.006587 seconds.
Begin MonoManager ReloadAssembly
Symbol file LoadedFromMemory doesn't match image C:\Users\chido\Documents\GitHub\Game-Works\DragonCourier\Prototype\Survive\Library\PackageCache\com.unity.visualscripting@1.7.6\Editor\VisualScripting.Core\Dependencies\YamlDotNet\Unity.VisualScripting.YamlDotNet.dll
Symbol file LoadedFromMemory doesn't match image C:\Users\chido\Documents\GitHub\Game-Works\DragonCourier\Prototype\Survive\Library\PackageCache\com.unity.visualscripting@1.7.6\Editor\VisualScripting.Core\Dependencies\DotNetZip\Unity.VisualScripting.IonicZip.dll
Native extension for WindowsStandalone target not found
Native extension for WebGL target not found
Refreshing native plugins compatible for Editor in 73.30 ms, found 4 plugins.
Preloading 0 native plugins for Editor in 0.00 ms.
Mono: successfully reloaded assembly
- Completed reload, in  0.873 seconds
Domain Reload Profiling:
	ReloadAssembly (874ms)
		BeginReloadAssembly (87ms)
			ExecutionOrderSort (0ms)
			DisableScriptedObjects (5ms)
			BackupInstance (0ms)
			ReleaseScriptingObjects (0ms)
			CreateAndSetChildDomain (18ms)
		EndReloadAssembly (699ms)
			LoadAssemblies (64ms)
			RebuildTransferFunctionScriptingTraits (0ms)
			SetupTypeCache (166ms)
			ReleaseScriptCaches (1ms)
			RebuildScriptCaches (41ms)
			SetupLoadedEditorAssemblies (392ms)
				LogAssemblyErrors (0ms)
				InitializePlatformSupportModulesInManaged (6ms)
				SetLoadedEditorAssemblies (0ms)
				RefreshPlugins (73ms)
				BeforeProcessingInitializeOnLoad (83ms)
				ProcessInitializeOnLoadAttributes (185ms)
				ProcessInitializeOnLoadMethodAttributes (37ms)
				AfterProcessingInitializeOnLoad (8ms)
				EditorAssembliesLoaded (0ms)
			ExecutionOrderSort2 (0ms)
			AwakeInstancesAfterBackupRestoration (4ms)
Platform modules already initialized, skipping
========================================================================
Worker process is ready to serve import requests
Launched and connected shader compiler UnityShaderCompiler.exe after 0.05 seconds
Refreshing native plugins compatible for Editor in 0.80 ms, found 4 plugins.
Preloading 0 native plugins for Editor in 0.00 ms.
Unloading 4048 Unused Serialized files (Serialized files now loaded: 0)
Unloading 43 unused Assets / (225.3 KB). Loaded Objects now: 4499.
Memory consumption went from 151.9 MB to 151.7 MB.
Total: 3.446200 ms (FindLiveObjects: 0.280200 ms CreateObjectMapping: 0.104800 ms MarkObjects: 2.920700 ms  DeleteObjects: 0.139900 ms)

AssetImportParameters requested are different than current active one (requested -> active):
  custom:video-decoder-ogg-theora: a1e56fd34408186e4bbccfd4996cb3dc -> 
  custom:container-muxer-webm: aa71ff27fc2769a1b78a27578f13a17b -> 
  custom:container-demuxer-webm: 4f35f7cbe854078d1ac9338744f61a02 -> 
  custom:video-encoder-webm-vp8: eb34c28f22e8b96e1ab97ce403110664 -> 
  custom:video-codec-MediaFoundation-h265: 746d11721c4dcdbdad8f713fa42b33f4 -> 
  custom:audio-encoder-webm-vorbis: bf7c407c2cedff20999df2af8eb42d56 -> 
  custom:framework-win-MediaFoundation: 216162199b28c13a410421893ffa2e32 -> 
  custom:container-demuxer-ogg: 62fdf1f143b41e24485cea50d1cbac27 -> 
  custom:video-decoder-webm-vp8: 9c59270c3fd7afecdb556c50c9e8de78 -> 
  custom:audio-decoder-ogg-vorbis: bf7c407c2cedff20999df2af8eb42d56 -> 
========================================================================
Received Import Request.
  Time since last request: 149953.778576 seconds.
  path: Assets/Textures/Basic Tilemap_0.asset
  artifactKey: Guid(a60b2f72d1e4b314f9e36562b6f722a2) Importer(815301076,1909f56bfc062723c751e8b465ee728b)
Start importing Assets/Textures/Basic Tilemap_0.asset using Guid(a60b2f72d1e4b314f9e36562b6f722a2) Importer(815301076,1909f56bfc062723c751e8b465ee728b)  -> (artifact id: '33b671efa2b930fed899853324aa8f41') in 0.072682 seconds 
========================================================================
Received Import Request.
  Time since last request: 0.000019 seconds.
  path: Assets/Textures/Basic Tilemap_2.asset
  artifactKey: Guid(06bb36d28c5b52e46b996af3d18215aa) Importer(815301076,1909f56bfc062723c751e8b465ee728b)
Start importing Assets/Textures/Basic Tilemap_2.asset using Guid(06bb36d28c5b52e46b996af3d18215aa) Importer(815301076,1909f56bfc062723c751e8b465ee728b)  -> (artifact id: '91d94f820165ce128793bbfa5a857c09') in 0.009964 seconds 
========================================================================
Received Import Request.
  Time since last request: 0.000024 seconds.
  path: Assets/Textures/Basic Tilemap_10.asset
  artifactKey: Guid(b1182fb9645c0004b89833cd3c7931a2) Importer(815301076,1909f56bfc062723c751e8b465ee728b)
Start importing Assets/Textures/Basic Tilemap_10.asset using Guid(b1182fb9645c0004b89833cd3c7931a2) Importer(815301076,1909f56bfc062723c751e8b465ee728b)  -> (artifact id: 'e34ab60e991f54ebcdc643ada99a4800') in 0.006399 seconds 
========================================================================
Received Import Request.
  Time since last request: 0.000022 seconds.
  path: Assets/Textures/Basic Tilemap_8.asset
  artifactKey: Guid(5d68cdde2f1cb7640aabafa7eded2662) Importer(815301076,1909f56bfc062723c751e8b465ee728b)
Start importing Assets/Textures/Basic Tilemap_8.asset using Guid(5d68cdde2f1cb7640aabafa7eded2662) Importer(815301076,1909f56bfc062723c751e8b465ee728b)  -> (artifact id: '2899a5019eda4d5b19c931d5286b1b1f') in 0.006219 seconds 
========================================================================
Received Import Request.
  Time since last request: 0.000018 seconds.
  path: Assets/Textures/Basic Tilemap_4.asset
  artifactKey: Guid(f44833cbb69e022468b9b28092a1f715) Importer(815301076,1909f56bfc062723c751e8b465ee728b)
Start importing Assets/Textures/Basic Tilemap_4.asset using Guid(f44833cbb69e022468b9b28092a1f715) Importer(815301076,1909f56bfc062723c751e8b465ee728b)  -> (artifact id: '59e46dd50dcb89dae6b180956fbe845c') in 0.005900 seconds 
========================================================================
Received Import Request.
  Time since last request: 0.000021 seconds.
  path: Assets/Textures/Basic Tilemap_1.asset
  artifactKey: Guid(98b781e3c7f1ad44292b8c33c1f2f54a) Importer(815301076,1909f56bfc062723c751e8b465ee728b)
Start importing Assets/Textures/Basic Tilemap_1.asset using Guid(98b781e3c7f1ad44292b8c33c1f2f54a) Importer(815301076,1909f56bfc062723c751e8b465ee728b)  -> (artifact id: 'f07e196636fea7caa25448dddf010ac1') in 0.005851 seconds 
========================================================================
Received Import Request.
  Time since last request: 0.000017 seconds.
  path: Assets/Textures/Basic Tilemap_7.asset
  artifactKey: Guid(589b8261cf4c98848ae326e9bf674564) Importer(815301076,1909f56bfc062723c751e8b465ee728b)
Start importing Assets/Textures/Basic Tilemap_7.asset using Guid(589b8261cf4c98848ae326e9bf674564) Importer(815301076,1909f56bfc062723c751e8b465ee728b)  -> (artifact id: '91cbc6316451237fb8ae10d380b5ca38') in 0.008033 seconds 
========================================================================
Received Import Request.
  Time since last request: 0.000019 seconds.
  path: Assets/Textures/Basic Tilemap_6.asset
  artifactKey: Guid(00501dff579564246a23450b33758c87) Importer(815301076,1909f56bfc062723c751e8b465ee728b)
Start importing Assets/Textures/Basic Tilemap_6.asset using Guid(00501dff579564246a23450b33758c87) Importer(815301076,1909f56bfc062723c751e8b465ee728b)  -> (artifact id: '3ea4e9ee05133ff7363d0ebccd844ace') in 0.006339 seconds 
========================================================================
Received Import Request.
  Time since last request: 0.000017 seconds.
  path: Assets/Textures/Basic Tilemap_9.asset
  artifactKey: Guid(29042727fc1aec442a8f45423f158bfb) Importer(815301076,1909f56bfc062723c751e8b465ee728b)
Start importing Assets/Textures/Basic Tilemap_9.asset using Guid(29042727fc1aec442a8f45423f158bfb) Importer(815301076,1909f56bfc062723c751e8b465ee728b)  -> (artifact id: 'e549d794ef3adc1794b089936371bdb0') in 0.005995 seconds 
========================================================================
Received Import Request.
  Time since last request: 0.000018 seconds.
  path: Assets/Textures/Basic Tilemap_3.asset
  artifactKey: Guid(6f6081510d721f24a873271a9dc6af28) Importer(815301076,1909f56bfc062723c751e8b465ee728b)
Start importing Assets/Textures/Basic Tilemap_3.asset using Guid(6f6081510d721f24a873271a9dc6af28) Importer(815301076,1909f56bfc062723c751e8b465ee728b)  -> (artifact id: '788099d5e57aa227e9ba5ef5e687c691') in 0.006250 seconds 
========================================================================
Received Import Request.
  Time since last request: 42.788254 seconds.
  path: Assets/Textures/Basic Tilemap_1.asset
  artifactKey: Guid(98b781e3c7f1ad44292b8c33c1f2f54a) Importer(815301076,1909f56bfc062723c751e8b465ee728b)
Start importing Assets/Textures/Basic Tilemap_1.asset using Guid(98b781e3c7f1ad44292b8c33c1f2f54a) Importer(815301076,1909f56bfc062723c751e8b465ee728b)  -> (artifact id: 'f4c486fa3e82178b340e92da9ddea355') in 0.008078 seconds 
========================================================================
Received Import Request.
  Time since last request: 0.000015 seconds.
  path: Assets/Textures/Basic Tilemap_10.asset
  artifactKey: Guid(b1182fb9645c0004b89833cd3c7931a2) Importer(815301076,1909f56bfc062723c751e8b465ee728b)
Start importing Assets/Textures/Basic Tilemap_10.asset using Guid(b1182fb9645c0004b89833cd3c7931a2) Importer(815301076,1909f56bfc062723c751e8b465ee728b)  -> (artifact id: '9ab58290b03c551d0a90842490225f1f') in 0.006281 seconds 
========================================================================
Received Import Request.
  Time since last request: 0.000016 seconds.
  path: Assets/Textures/Basic Tilemap_4.asset
  artifactKey: Guid(f44833cbb69e022468b9b28092a1f715) Importer(815301076,1909f56bfc062723c751e8b465ee728b)
Start importing Assets/Textures/Basic Tilemap_4.asset using Guid(f44833cbb69e022468b9b28092a1f715) Importer(815301076,1909f56bfc062723c751e8b465ee728b)  -> (artifact id: '89f043936df0062aabe009aba2ceb962') in 0.005806 seconds 
========================================================================
Received Import Request.
  Time since last request: 0.000020 seconds.
  path: Assets/Textures/Basic Tilemap_6.asset
  artifactKey: Guid(00501dff579564246a23450b33758c87) Importer(815301076,1909f56bfc062723c751e8b465ee728b)
Start importing Assets/Textures/Basic Tilemap_6.asset using Guid(00501dff579564246a23450b33758c87) Importer(815301076,1909f56bfc062723c751e8b465ee728b)  -> (artifact id: '97119468bb159616acb961f4c3290103') in 0.006306 seconds 
========================================================================
Received Import Request.
  Time since last request: 0.000018 seconds.
  path: Assets/Textures/Basic Tilemap_9.asset
  artifactKey: Guid(29042727fc1aec442a8f45423f158bfb) Importer(815301076,1909f56bfc062723c751e8b465ee728b)
Start importing Assets/Textures/Basic Tilemap_9.asset using Guid(29042727fc1aec442a8f45423f158bfb) Importer(815301076,1909f56bfc062723c751e8b465ee728b)  -> (artifact id: 'c21c76fba862bc171b51f1c2346bd6ee') in 0.005730 seconds 
========================================================================
Received Import Request.
  Time since last request: 8.325875 seconds.
  path: Assets/Textures/Basic Tilemap_1.asset
  artifactKey: Guid(98b781e3c7f1ad44292b8c33c1f2f54a) Importer(815301076,1909f56bfc062723c751e8b465ee728b)
Start importing Assets/Textures/Basic Tilemap_1.asset using Guid(98b781e3c7f1ad44292b8c33c1f2f54a) Importer(815301076,1909f56bfc062723c751e8b465ee728b)  -> (artifact id: 'c3bfce2b540859dcea28f9cceeabd28d') in 0.009238 seconds 
========================================================================
Received Import Request.
  Time since last request: 0.000015 seconds.
  path: Assets/Textures/Basic Tilemap_4.asset
  artifactKey: Guid(f44833cbb69e022468b9b28092a1f715) Importer(815301076,1909f56bfc062723c751e8b465ee728b)
Start importing Assets/Textures/Basic Tilemap_4.asset using Guid(f44833cbb69e022468b9b28092a1f715) Importer(815301076,1909f56bfc062723c751e8b465ee728b)  -> (artifact id: '2ffdf155b487d446f1f0f2e38d587f0b') in 0.005963 seconds 
========================================================================
Received Import Request.
  Time since last request: 0.000029 seconds.
  path: Assets/Textures/Basic Tilemap_7.asset
  artifactKey: Guid(589b8261cf4c98848ae326e9bf674564) Importer(815301076,1909f56bfc062723c751e8b465ee728b)
Start importing Assets/Textures/Basic Tilemap_7.asset using Guid(589b8261cf4c98848ae326e9bf674564) Importer(815301076,1909f56bfc062723c751e8b465ee728b)  -> (artifact id: '658c3b1dbea98d4c80c75957d1b817aa') in 0.007248 seconds 
========================================================================
Received Import Request.
  Time since last request: 7.291757 seconds.
  path: Assets/Textures/Basic Tilemap_2.asset
  artifactKey: Guid(06bb36d28c5b52e46b996af3d18215aa) Importer(815301076,1909f56bfc062723c751e8b465ee728b)
Start importing Assets/Textures/Basic Tilemap_2.asset using Guid(06bb36d28c5b52e46b996af3d18215aa) Importer(815301076,1909f56bfc062723c751e8b465ee728b)  -> (artifact id: 'b4f200fc494ea96d1c0a02ae071f25c3') in 0.006885 seconds 
========================================================================
Received Import Request.
  Time since last request: 0.000015 seconds.
  path: Assets/Textures/Basic Tilemap_4.asset
  artifactKey: Guid(f44833cbb69e022468b9b28092a1f715) Importer(815301076,1909f56bfc062723c751e8b465ee728b)
Start importing Assets/Textures/Basic Tilemap_4.asset using Guid(f44833cbb69e022468b9b28092a1f715) Importer(815301076,1909f56bfc062723c751e8b465ee728b)  -> (artifact id: '3116ae547bf59fcdbabb6288eeb01b8f') in 0.007986 seconds 
========================================================================
Received Import Request.
  Time since last request: 0.000015 seconds.
  path: Assets/Textures/Basic Tilemap_5.asset
  artifactKey: Guid(a9f9dc5d58f4f104bab664f94f078538) Importer(815301076,1909f56bfc062723c751e8b465ee728b)
Start importing Assets/Textures/Basic Tilemap_5.asset using Guid(a9f9dc5d58f4f104bab664f94f078538) Importer(815301076,1909f56bfc062723c751e8b465ee728b)  -> (artifact id: 'cdb1b4ef3ffaaea7559fe78d9b747261') in 0.007130 seconds 
========================================================================
Received Import Request.
  Time since last request: 82.625854 seconds.
  path: Assets/Textures/Basic Tilemap.png
  artifactKey: Guid(35b86665ba30df14f830f45d4cf6eb7b) Importer(815301076,1909f56bfc062723c751e8b465ee728b)
Start importing Assets/Textures/Basic Tilemap.png using Guid(35b86665ba30df14f830f45d4cf6eb7b) Importer(815301076,1909f56bfc062723c751e8b465ee728b)  -> (artifact id: 'cf3a30b159a7f54242503075013656b8') in 0.102510 seconds 
========================================================================
Received Import Request.
  Time since last request: 0.000048 seconds.
  path: Assets/Textures/Basic Tilemap_9.asset
  artifactKey: Guid(29042727fc1aec442a8f45423f158bfb) Importer(815301076,1909f56bfc062723c751e8b465ee728b)
Start importing Assets/Textures/Basic Tilemap_9.asset using Guid(29042727fc1aec442a8f45423f158bfb) Importer(815301076,1909f56bfc062723c751e8b465ee728b)  -> (artifact id: 'a15b42f2cd5c740d26a9c8b7ed2b13fd') in 0.006932 seconds 
========================================================================
Received Import Request.
  Time since last request: 12.464295 seconds.
  path: Assets/Textures/Basic Tilemap_0.asset
  artifactKey: Guid(a60b2f72d1e4b314f9e36562b6f722a2) Importer(815301076,1909f56bfc062723c751e8b465ee728b)
Start importing Assets/Textures/Basic Tilemap_0.asset using Guid(a60b2f72d1e4b314f9e36562b6f722a2) Importer(815301076,1909f56bfc062723c751e8b465ee728b)  -> (artifact id: 'de4fce74b31c77bc2ba4620ec1dab995') in 0.006993 seconds 
========================================================================
Received Import Request.
  Time since last request: 0.000024 seconds.
  path: Assets/Textures/Basic Tilemap_8.asset
  artifactKey: Guid(5d68cdde2f1cb7640aabafa7eded2662) Importer(815301076,1909f56bfc062723c751e8b465ee728b)
Start importing Assets/Textures/Basic Tilemap_8.asset using Guid(5d68cdde2f1cb7640aabafa7eded2662) Importer(815301076,1909f56bfc062723c751e8b465ee728b)  -> (artifact id: '82f3bd0084d0f688765b34f77ac48cac') in 0.005805 seconds 
========================================================================
Received Import Request.
  Time since last request: 0.000020 seconds.
  path: Assets/Textures/Basic Tilemap_4.asset
  artifactKey: Guid(f44833cbb69e022468b9b28092a1f715) Importer(815301076,1909f56bfc062723c751e8b465ee728b)
Start importing Assets/Textures/Basic Tilemap_4.asset using Guid(f44833cbb69e022468b9b28092a1f715) Importer(815301076,1909f56bfc062723c751e8b465ee728b)  -> (artifact id: 'e14a82b5e2173c379e590747cc129107') in 0.006493 seconds 
========================================================================
Received Import Request.
  Time since last request: 0.000019 seconds.
  path: Assets/Textures/Basic Tilemap_5.asset
  artifactKey: Guid(a9f9dc5d58f4f104bab664f94f078538) Importer(815301076,1909f56bfc062723c751e8b465ee728b)
Start importing Assets/Textures/Basic Tilemap_5.asset using Guid(a9f9dc5d58f4f104bab664f94f078538) Importer(815301076,1909f56bfc062723c751e8b465ee728b)  -> (artifact id: '9c953d9932a25d8a7fac7f0aeec52a12') in 0.006180 seconds 
========================================================================
Received Import Request.
  Time since last request: 0.000014 seconds.
  path: Assets/Textures/Basic Tilemap_3.asset
  artifactKey: Guid(6f6081510d721f24a873271a9dc6af28) Importer(815301076,1909f56bfc062723c751e8b465ee728b)
Start importing Assets/Textures/Basic Tilemap_3.asset using Guid(6f6081510d721f24a873271a9dc6af28) Importer(815301076,1909f56bfc062723c751e8b465ee728b)  -> (artifact id: '3820c41eec1db6e34f7105ff15abf12e') in 0.006403 seconds 
Editor requested this worker to shutdown with reason: Scaling down because of idle timeout
AssetImportWorker is now disconnected from the server
Process exiting
Exiting without the bug reporter. Application will terminate with return code 0